<?xml version="1.0" encoding="UTF-8"?>
<testsuite name="com.moodanalyser.MoodAnalyseTest" tests="1" skipped="0" failures="0" errors="0" timestamp="2022-04-18T11:55:54" hostname="DESKTOP-E72B5JU" time="0.044">
  <properties/>
  <testcase name="WhenGivenASadMessageInConstructorShouldReturnSad()" classname="com.moodanalyser.MoodAnalyseTest" time="0.044"/>
  <system-out><![CDATA[]]></system-out>
  <system-err><![CDATA[]]></system-err>
</testsuite>
