<?xml version="1.0" encoding="UTF-8"?>
<testsuite name="com.moodanalyser.MoodAnalyseTest" tests="2" skipped="0" failures="0" errors="0" timestamp="2022-04-18T11:59:18" hostname="DESKTOP-E72B5JU" time="0.029">
  <properties/>
  <testcase name="WhenGivenASadMessageInConstructorShouldReturnSad()" classname="com.moodanalyser.MoodAnalyseTest" time="0.027"/>
  <testcase name="WhenGivenASadMessageInConstructorShouldReturnHappy()" classname="com.moodanalyser.MoodAnalyseTest" time="0.001"/>
  <system-out><![CDATA[]]></system-out>
  <system-err><![CDATA[]]></system-err>
</testsuite>
